0 info it worked if it ends with ok
1 verbose cli [ '/usr/local/bin/node',
1 verbose cli   '/usr/local/bin/npm',
1 verbose cli   'install',
1 verbose cli   'app.json',
1 verbose cli   '-g' ]
2 info using npm@3.3.12
3 info using node@v5.4.0
4 silly loadCurrentTree Starting
5 silly install loadCurrentTree
6 silly install readGlobalPackageData
7 silly fetchPackageMetaData app.json
8 silly fetchOtherPackageData app.json
9 silly cache add args [ 'app.json', null ]
10 verbose cache add spec app.json
11 silly cache add parsed spec Result {
11 silly cache add   raw: 'app.json',
11 silly cache add   scope: null,
11 silly cache add   name: null,
11 silly cache add   rawSpec: 'app.json',
11 silly cache add   spec: '/Users/dylanfischler/Documents/projects/docker-heroku-node/app.json',
11 silly cache add   type: 'local' }
12 silly addLocalTarball shasum (computed) 23868f087ba01f9d63b47fa86d8dc526db2e8451
13 verbose addTmpTarball /Users/dylanfischler/Documents/projects/docker-heroku-node/app.json not in flight; adding
14 verbose addTmpTarball validating metadata from /Users/dylanfischler/Documents/projects/docker-heroku-node/app.json
15 verbose tar unpack /Users/dylanfischler/Documents/projects/docker-heroku-node/app.json
16 verbose tar unpacking to /var/folders/rk/x3w_33k521q5rf_mh776wbk40000gn/T/npm-7656-1ed00418/unpack-130754c038f0f1b0762f466aa4fffef7
17 silly gentlyRm /var/folders/rk/x3w_33k521q5rf_mh776wbk40000gn/T/npm-7656-1ed00418/unpack-130754c038f0f1b0762f466aa4fffef7 is being purged
18 verbose gentlyRm don't care about contents; nuking /var/folders/rk/x3w_33k521q5rf_mh776wbk40000gn/T/npm-7656-1ed00418/unpack-130754c038f0f1b0762f466aa4fffef7
19 silly gunzTarPerm modes [ '755', '644' ]
20 error not a package /Users/dylanfischler/Documents/projects/docker-heroku-node/app.json
21 error addLocal Could not install /Users/dylanfischler/Documents/projects/docker-heroku-node/app.json
22 silly fetchPackageMetaData Error: ENOENT: no such file or directory, open '/var/folders/rk/x3w_33k521q5rf_mh776wbk40000gn/T/npm-7656-1ed00418/unpack-130754c038f0f1b0762f466aa4fffef7/package.json'
22 silly fetchPackageMetaData     at Error (native)
22 silly fetchPackageMetaData  error for app.json { [Error: ENOENT: no such file or directory, open '/var/folders/rk/x3w_33k521q5rf_mh776wbk40000gn/T/npm-7656-1ed00418/unpack-130754c038f0f1b0762f466aa4fffef7/package.json']
22 silly fetchPackageMetaData   errno: -2,
22 silly fetchPackageMetaData   code: 'ENOENT',
22 silly fetchPackageMetaData   syscall: 'open',
22 silly fetchPackageMetaData   path: '/var/folders/rk/x3w_33k521q5rf_mh776wbk40000gn/T/npm-7656-1ed00418/unpack-130754c038f0f1b0762f466aa4fffef7/package.json' }
23 silly rollbackFailedOptional Starting
24 silly rollbackFailedOptional Finishing
25 silly runTopLevelLifecycles Starting
26 silly runTopLevelLifecycles Finishing
27 silly install printInstalled
28 verbose stack Error: ENOENT: no such file or directory, open '/var/folders/rk/x3w_33k521q5rf_mh776wbk40000gn/T/npm-7656-1ed00418/unpack-130754c038f0f1b0762f466aa4fffef7/package.json'
28 verbose stack     at Error (native)
29 verbose cwd /Users/dylanfischler/Documents/projects/docker-heroku-node
30 error Darwin 15.2.0
31 error argv "/usr/local/bin/node" "/usr/local/bin/npm" "install" "app.json" "-g"
32 error node v5.4.0
33 error npm  v3.3.12
34 error path /var/folders/rk/x3w_33k521q5rf_mh776wbk40000gn/T/npm-7656-1ed00418/unpack-130754c038f0f1b0762f466aa4fffef7/package.json
35 error code ENOENT
36 error errno -2
37 error syscall open
38 error enoent ENOENT: no such file or directory, open '/var/folders/rk/x3w_33k521q5rf_mh776wbk40000gn/T/npm-7656-1ed00418/unpack-130754c038f0f1b0762f466aa4fffef7/package.json'
38 error enoent This is most likely not a problem with npm itself
38 error enoent and is related to npm not being able to find a file.
39 verbose exit [ -2, true ]
